<html>
<body>
<pre>
<h1>µVision3 Build Log</h1>
<h2>Project:</h2>
C:\Users\mllab06\Desktop\23256_57\23256_57.uv2
Project File Date:  03/03/2020

<h2>Output:</h2>
Build target 'Target 1'
assembling Assignment7(ii).a51...
Assignment7(ii).a51(8): error A39: REGISTER OPERAND EXPECTED
Target not created
Build target 'Target 1'
assembling Assignment7(ii).a51...
Assignment7(ii).a51(8): error A39: REGISTER OPERAND EXPECTED
Target not created
Build target 'Target 1'
assembling Assignment7(ii).a51...
linking...
Program Size: data=8.0 xdata=0 code=19
"23256_57" - 0 Error(s), 0 Warning(s).
Build target 'Target 1'
assembling Assignment7(ii).a51...
linking...
Program Size: data=8.0 xdata=0 code=19
"23256_57" - 0 Error(s), 0 Warning(s).
Build target 'Target 1'
assembling Assignment7(ii).a51...
linking...
Program Size: data=8.0 xdata=0 code=18
"23256_57" - 0 Error(s), 0 Warning(s).
Build target 'Target 1'
assembling Assignment7(ii).a51...
linking...
Program Size: data=8.0 xdata=0 code=18
"23256_57" - 0 Error(s), 0 Warning(s).
Build target 'Target 1'
assembling Assignment7(ii).a51...
Assignment7(ii).a51(13): error A40: INVALID REGISTER
Assignment7(ii).a51(14): error A40: INVALID REGISTER
Target not created
Build target 'Target 1'
assembling Assignment7(ii).a51...
Assignment7(ii).a51(13): error A40: INVALID REGISTER
Assignment7(ii).a51(14): error A40: INVALID REGISTER
Target not created
Build target 'Target 1'
assembling Assignment7(ii).a51...
Assignment7(ii).a51(13): error A39: REGISTER OPERAND EXPECTED
Target not created
Build target 'Target 1'
assembling Assignment7(ii).a51...
Assignment7(ii).a51(13): error A39: REGISTER OPERAND EXPECTED
Target not created
Build target 'Target 1'
assembling Assignment7(ii).a51...
linking...
Program Size: data=8.0 xdata=0 code=22
"23256_57" - 0 Error(s), 0 Warning(s).
Build target 'Target 1'
assembling Assignment7(ii).a51...
linking...
Program Size: data=8.0 xdata=0 code=22
"23256_57" - 0 Error(s), 0 Warning(s).
Build target 'Target 1'
assembling Assignment7(ii).a51...
Assignment7(ii).a51(13): error A39: REGISTER OPERAND EXPECTED
Target not created
Build target 'Target 1'
assembling Assignment7(ii).a51...
Assignment7(ii).a51(12): error A39: REGISTER OPERAND EXPECTED
Target not created
Build target 'Target 1'
assembling Assignment7(ii).a51...
Assignment7(ii).a51(14): error A39: REGISTER OPERAND EXPECTED
Target not created
Build target 'Target 1'
assembling Assignment7(ii).a51...
linking...
Program Size: data=8.0 xdata=0 code=21
"23256_57" - 0 Error(s), 0 Warning(s).
Build target 'Target 1'
assembling Assignment7(ii).a51...
linking...
Program Size: data=8.0 xdata=0 code=18
"23256_57" - 0 Error(s), 0 Warning(s).
Build target 'Target 1'
assembling Assignment7(ii).a51...
linking...
Program Size: data=8.0 xdata=0 code=18
"23256_57" - 0 Error(s), 0 Warning(s).
Build target 'Target 1'
assembling Assignment7(ii).a51...
linking...
Program Size: data=8.0 xdata=0 code=18
"23256_57" - 0 Error(s), 0 Warning(s).
Build target 'Target 1'
assembling Assignment7(ii).a51...
linking...
Program Size: data=8.0 xdata=0 code=18
"23256_57" - 0 Error(s), 0 Warning(s).
Build target 'Target 1'
assembling Assignment7(ii).a51...
linking...
Program Size: data=8.0 xdata=0 code=18
"23256_57" - 0 Error(s), 0 Warning(s).
Build target 'Target 1'
assembling Assignment7(iii).a51...
linking...
Program Size: data=8.0 xdata=0 code=18
"23256_57" - 0 Error(s), 0 Warning(s).
Build target 'Target 1'
assembling Assignment7(iii).a51...
linking...
Program Size: data=8.0 xdata=0 code=18
"23256_57" - 0 Error(s), 0 Warning(s).
